<?xml version="1.0" encoding="UTF-8"?>
<!-- Generated by org.testng.reporters.JUnitReportReporter -->
<testsuite hostname="Ejajahamads-MacBook-Air.local" failures="0" tests="1" name="appium.tests.TC002_Test" time="2.946" errors="0" timestamp="5 Dec 2022 10:55:02 GMT">
  <testcase classname="appium.tests.TC002_Test" name="testCaseTwo" time="2.946"/>
</testsuite> <!-- appium.tests.TC002_Test -->
